C51 COMPILER V9.60.0.0   FUNCTIONS                                                         11/14/2021 18:56:30 PAGE 1   


C51 COMPILER V9.60.0.0, COMPILATION OF MODULE FUNCTIONS
OBJECT MODULE PLACED IN .\Objects\Functions.obj
COMPILER INVOKED BY: D:\Microcontroladores\C51\BIN\C51.EXE Functions.c OPTIMIZE(8,SPEED) BROWSE DEBUG OBJECTEXTEND PRINT
                    -(.\Listings\Functions.lst) TABS(2) OBJECT(.\Objects\Functions.obj)

line level    source

   1          void PIDController_Init(PIDController pid) {
*** ERROR C141 IN LINE 1 OF Functions.c: syntax error near 'pid', expected ')'
   2   1      
   3   1        /* Clear controller variables */
   4   1        pid->integrator = 0.0f;
*** ERROR C202 IN LINE 4 OF Functions.c: 'pid': undefined identifier
   5   1        pid->prevError  = 0.0f;
*** ERROR C202 IN LINE 5 OF Functions.c: 'pid': undefined identifier
   6   1      
   7   1        pid->differentiator  = 0.0f;
*** ERROR C202 IN LINE 7 OF Functions.c: 'pid': undefined identifier
   8   1        pid->prevMeasurement = 0.0f;
*** ERROR C202 IN LINE 8 OF Functions.c: 'pid': undefined identifier
   9   1      
  10   1        pid->out = 0.0f;
*** ERROR C202 IN LINE 10 OF Functions.c: 'pid': undefined identifier
  11   1      
  12   1      }
  13          
  14          float PIDController_Update(PIDController *pid, float setpoint, float measurement) {
*** ERROR C141 IN LINE 14 OF Functions.c: syntax error near '*', expected ')'
  15   1      
  16   1        /*
  17   1        * Error signal
  18   1        */
  19   1          float error = setpoint - measurement;
*** ERROR C202 IN LINE 19 OF Functions.c: 'setpoint': undefined identifier
  20   1      
  21   1      
  22   1        /*
  23   1        * Proportional
  24   1        */
  25   1          float proportional = pid->Kp * error;
*** ERROR C202 IN LINE 25 OF Functions.c: 'pid': undefined identifier
  26   1      
  27   1      
  28   1        /*
  29   1        * Integral
  30   1        */
  31   1          pid->integrator = pid->integrator + 0.5f * pid->Ki * pid->T * (error + pid->prevError);
*** ERROR C202 IN LINE 31 OF Functions.c: 'pid': undefined identifier
  32   1      
  33   1        /* Anti-wind-up via integrator clamping */
  34   1          if (pid->integrator > pid->limMaxInt) {
*** ERROR C202 IN LINE 34 OF Functions.c: 'pid': undefined identifier
  35   2      
  36   2              pid->integrator = pid->limMaxInt;
*** ERROR C202 IN LINE 36 OF Functions.c: 'pid': undefined identifier
  37   2      
  38   2          } else if (pid->integrator < pid->limMinInt) {
*** ERROR C202 IN LINE 38 OF Functions.c: 'pid': undefined identifier
  39   2      
  40   2              pid->integrator = pid->limMinInt;
*** ERROR C202 IN LINE 40 OF Functions.c: 'pid': undefined identifier
C51 COMPILER V9.60.0.0   FUNCTIONS                                                         11/14/2021 18:56:30 PAGE 2   

  41   2      
  42   2          }
  43   1      
  44   1      
  45   1        /*
  46   1        * Derivative (band-limited differentiator)
  47   1        */
  48   1          
  49   1          pid->differentiator = -(2.0f * pid->Kd * (measurement - pid->prevMeasurement) /* Note: derivative on m
             -easurement, therefore minus sign in front of equation! */
*** ERROR C202 IN LINE 49 OF Functions.c: 'pid': undefined identifier
  50   1                              + (2.0f * pid->tau - pid->T) * pid->differentiator)
  51   1                              / (2.0f * pid->tau + pid->T);
  52   1      
  53   1      
  54   1        /*
  55   1        * Compute output and apply limits
  56   1        */
  57   1          pid->out = proportional + pid->integrator + pid->differentiator;
*** ERROR C202 IN LINE 57 OF Functions.c: 'pid': undefined identifier
  58   1      
  59   1          if (pid->out > pid->limMax) {
*** ERROR C202 IN LINE 59 OF Functions.c: 'pid': undefined identifier
  60   2      
  61   2              pid->out = pid->limMax;
*** ERROR C202 IN LINE 61 OF Functions.c: 'pid': undefined identifier
  62   2      
  63   2          } else if (pid->out < pid->limMin) {
*** ERROR C202 IN LINE 63 OF Functions.c: 'pid': undefined identifier
  64   2      
  65   2              pid->out = pid->limMin;
*** ERROR C202 IN LINE 65 OF Functions.c: 'pid': undefined identifier
  66   2      
  67   2          }
  68   1      
  69   1        /* Store error and measurement for later use */
  70   1          pid->prevError       = error;
*** ERROR C202 IN LINE 70 OF Functions.c: 'pid': undefined identifier
  71   1          pid->prevMeasurement = measurement;
*** ERROR C202 IN LINE 71 OF Functions.c: 'pid': undefined identifier
  72   1      
  73   1        /* Return controller output */
  74   1          return pid->out;
*** ERROR C202 IN LINE 74 OF Functions.c: 'pid': undefined identifier
  75   1      
  76   1      }

C51 COMPILATION COMPLETE.  0 WARNING(S),  23 ERROR(S)
