C51 COMPILER V9.60.0.0   PWM                                                               11/15/2021 21:59:53 PAGE 1   


C51 COMPILER V9.60.0.0, COMPILATION OF MODULE PWM
OBJECT MODULE PLACED IN .\Objects\PWM.obj
COMPILER INVOKED BY: D:\Microcontroladores\C51\BIN\C51.EXE PWM.c OPTIMIZE(8,SPEED) BROWSE DEBUG OBJECTEXTEND PRINT(.\Lis
                    -tings\PWM.lst) TABS(2) OBJECT(.\Objects\PWM.obj)

line level    source

   1          #include "PID.h"
   2          // PWM initialize
   3          void InitPWM(void)
   4          {
   5   1        PWM = 0;         // Initialize with 0% duty cycle
   6   1        InitTimer0();    // Initialize timer0 to start generating interrupts
   7   1                 // PWM generation code is written inside the Timer0 ISR
   8   1      }
   9          
  10          // Timer0 ISR
  11          void Timer0_ISR (void) interrupt 1   
  12          {
  13   1        TR0 = 0;    // Stop Timer 0
  14   1      
  15   1        if(PWM_Pin) // if PWM_Pin is high
  16   1        {
  17   2          PWM_Pin = 0;
  18   2          temp = (255-PWM)*PWM_Freq_Num;
  19   2          TH0  = 0xFF - (temp>>8)&0xFF;
  20   2          TL0  = 0xFF - temp&0xFF;  
  21   2        }
  22   1        else       // if PWM_Pin is low
  23   1        {
  24   2          PWM_Pin = 1;
  25   2          temp = PWM*PWM_Freq_Num;
  26   2          TH0  = 0xFF - (temp>>8)&0xFF;
  27   2          TL0  = 0xFF - temp&0xFF;
  28   2        }
  29   1      
  30   1        TF0 = 0;     // Clear the interrupt flag
  31   1        TR0 = 1;     // Start Timer 0
  32   1      }
  33          
  34          void InitTimer0(void)
  35          {
  36   1        TMOD &= 0xF0;    // Clear 4bit field for timer0
  37   1        TMOD |= 0x01;    // Set timer0 in mode 1 = 16bit mode
  38   1        
  39   1        TH0 = 0x00;      // First time value
  40   1        TL0 = 0x00;      // Set arbitrarily zero
  41   1        
  42   1        ET0 = 1;         // Enable Timer0 interrupts
  43   1        EA  = 1;         // Global interrupt enable
  44   1        
  45   1        TR0 = 1;         // Start Timer 0
  46   1      }


MODULE INFORMATION:   STATIC OVERLAYABLE
   CODE SIZE        =    116    ----
   CONSTANT SIZE    =   ----    ----
   XDATA SIZE       =   ----    ----
   PDATA SIZE       =   ----    ----
   DATA SIZE        =      5    ----
C51 COMPILER V9.60.0.0   PWM                                                               11/15/2021 21:59:53 PAGE 2   

   IDATA SIZE       =   ----    ----
   BIT SIZE         =   ----    ----
END OF MODULE INFORMATION.


C51 COMPILATION COMPLETE.  0 WARNING(S),  0 ERROR(S)
